Start testing: Aug 09 21:50 AUS Eastern Standard Time
----------------------------------------------------------
1/17 Testing: diagnostics_core
1/17 Test: diagnostics_core
Command: "D:/repos/flow-control-automation/build/controller-host-tests-msvc/diagnostics_core_tests.exe"
Directory: D:/repos/flow-control-automation/build/controller-host-tests-msvc
"diagnostics_core" start time: Aug 09 21:50 AUS Eastern Standard Time
Output:
----------------------------------------------------------
Diagnostics core tests passed
<end of output>
Test time =   0.06 sec
----------------------------------------------------------
Test Passed.
"diagnostics_core" end time: Aug 09 21:50 AUS Eastern Standard Time
"diagnostics_core" time elapsed: 00:00:00
----------------------------------------------------------

2/17 Testing: controller_health_format
2/17 Test: controller_health_format
Command: "D:/repos/flow-control-automation/build/controller-host-tests-msvc/controller_health_format_tests.exe"
Directory: D:/repos/flow-control-automation/build/controller-host-tests-msvc
"controller_health_format" start time: Aug 09 21:50 AUS Eastern Standard Time
Output:
----------------------------------------------------------
Controller health format tests passed
<end of output>
Test time =   0.04 sec
----------------------------------------------------------
Test Passed.
"controller_health_format" end time: Aug 09 21:50 AUS Eastern Standard Time
"controller_health_format" time elapsed: 00:00:00
----------------------------------------------------------

3/17 Testing: controller_protocol
3/17 Test: controller_protocol
Command: "D:/repos/flow-control-automation/build/controller-host-tests-msvc/controller_protocol_tests.exe"
Directory: D:/repos/flow-control-automation/build/controller-host-tests-msvc
"controller_protocol" start time: Aug 09 21:50 AUS Eastern Standard Time
Output:
----------------------------------------------------------
Controller protocol tests passed
<end of output>
Test time =   0.04 sec
----------------------------------------------------------
Test Passed.
"controller_protocol" end time: Aug 09 21:50 AUS Eastern Standard Time
"controller_protocol" time elapsed: 00:00:00
----------------------------------------------------------

4/17 Testing: controller_auth
4/17 Test: controller_auth
Command: "D:/repos/flow-control-automation/build/controller-host-tests-msvc/controller_auth_tests.exe"
Directory: D:/repos/flow-control-automation/build/controller-host-tests-msvc
"controller_auth" start time: Aug 09 21:50 AUS Eastern Standard Time
Output:
----------------------------------------------------------
Controller authentication tests passed
<end of output>
Test time =   0.04 sec
----------------------------------------------------------
Test Passed.
"controller_auth" end time: Aug 09 21:50 AUS Eastern Standard Time
"controller_auth" time elapsed: 00:00:00
----------------------------------------------------------

5/17 Testing: controller_flow
5/17 Test: controller_flow
Command: "D:/repos/flow-control-automation/build/controller-host-tests-msvc/controller_flow_tests.exe"
Directory: D:/repos/flow-control-automation/build/controller-host-tests-msvc
"controller_flow" start time: Aug 09 21:50 AUS Eastern Standard Time
Output:
----------------------------------------------------------
Controller flow tests passed
<end of output>
Test time =   0.04 sec
----------------------------------------------------------
Test Passed.
"controller_flow" end time: Aug 09 21:50 AUS Eastern Standard Time
"controller_flow" time elapsed: 00:00:00
----------------------------------------------------------

6/17 Testing: flow_contract_fixtures
6/17 Test: flow_contract_fixtures
Command: "D:/repos/flow-control-automation/build/controller-host-tests-msvc/flow_contract_fixture_tests.exe"
Directory: D:/repos/flow-control-automation/build/controller-host-tests-msvc
"flow_contract_fixtures" start time: Aug 09 21:50 AUS Eastern Standard Time
Output:
----------------------------------------------------------
<end of output>
Test time =   0.10 sec
----------------------------------------------------------
Test Passed.
"flow_contract_fixtures" end time: Aug 09 21:50 AUS Eastern Standard Time
"flow_contract_fixtures" time elapsed: 00:00:00
----------------------------------------------------------

7/17 Testing: flow_debug
7/17 Test: flow_debug
Command: "D:/repos/flow-control-automation/build/controller-host-tests-msvc/flow_debug_tests.exe"
Directory: D:/repos/flow-control-automation/build/controller-host-tests-msvc
"flow_debug" start time: Aug 09 21:50 AUS Eastern Standard Time
Output:
----------------------------------------------------------
flow debug tests passed
<end of output>
Test time =   0.04 sec
----------------------------------------------------------
Test Passed.
"flow_debug" end time: Aug 09 21:50 AUS Eastern Standard Time
"flow_debug" time elapsed: 00:00:00
----------------------------------------------------------

8/17 Testing: controller_points
8/17 Test: controller_points
Command: "D:/repos/flow-control-automation/build/controller-host-tests-msvc/controller_points_tests.exe"
Directory: D:/repos/flow-control-automation/build/controller-host-tests-msvc
"controller_points" start time: Aug 09 21:50 AUS Eastern Standard Time
Output:
----------------------------------------------------------
Controller point arbitration tests passed
<end of output>
Test time =   0.05 sec
----------------------------------------------------------
Test Passed.
"controller_points" end time: Aug 09 21:50 AUS Eastern Standard Time
"controller_points" time elapsed: 00:00:00
----------------------------------------------------------

9/17 Testing: controller_io
9/17 Test: controller_io
Command: "D:/repos/flow-control-automation/build/controller-host-tests-msvc/controller_io_tests.exe"
Directory: D:/repos/flow-control-automation/build/controller-host-tests-msvc
"controller_io" start time: Aug 09 21:50 AUS Eastern Standard Time
Output:
----------------------------------------------------------
Controller I/O tests passed
<end of output>
Test time =   0.04 sec
----------------------------------------------------------
Test Passed.
"controller_io" end time: Aug 09 21:50 AUS Eastern Standard Time
"controller_io" time elapsed: 00:00:00
----------------------------------------------------------

10/17 Testing: network_manager
10/17 Test: network_manager
Command: "D:/repos/flow-control-automation/build/controller-host-tests-msvc/network_manager_tests.exe"
Directory: D:/repos/flow-control-automation/build/controller-host-tests-msvc
"network_manager" start time: Aug 09 21:50 AUS Eastern Standard Time
Output:
----------------------------------------------------------
Network manager tests passed
<end of output>
Test time =   0.04 sec
----------------------------------------------------------
Test Passed.
"network_manager" end time: Aug 09 21:50 AUS Eastern Standard Time
"network_manager" time elapsed: 00:00:00
----------------------------------------------------------

11/17 Testing: wifi_link_core
11/17 Test: wifi_link_core
Command: "D:/repos/flow-control-automation/build/controller-host-tests-msvc/wifi_link_core_tests.exe"
Directory: D:/repos/flow-control-automation/build/controller-host-tests-msvc
"wifi_link_core" start time: Aug 09 21:50 AUS Eastern Standard Time
Output:
----------------------------------------------------------
Wi-Fi link core tests passed
<end of output>
Test time =   0.04 sec
----------------------------------------------------------
Test Passed.
"wifi_link_core" end time: Aug 09 21:50 AUS Eastern Standard Time
"wifi_link_core" time elapsed: 00:00:00
----------------------------------------------------------

12/17 Testing: ethernet_link_core
12/17 Test: ethernet_link_core
Command: "D:/repos/flow-control-automation/build/controller-host-tests-msvc/ethernet_link_core_tests.exe"
Directory: D:/repos/flow-control-automation/build/controller-host-tests-msvc
"ethernet_link_core" start time: Aug 09 21:50 AUS Eastern Standard Time
Output:
----------------------------------------------------------
ethernet_link_core tests passed
<end of output>
Test time =   0.04 sec
----------------------------------------------------------
Test Passed.
"ethernet_link_core" end time: Aug 09 21:50 AUS Eastern Standard Time
"ethernet_link_core" time elapsed: 00:00:00
----------------------------------------------------------

13/17 Testing: mqtt_service
13/17 Test: mqtt_service
Command: "D:/repos/flow-control-automation/build/controller-host-tests-msvc/mqtt_service_tests.exe"
Directory: D:/repos/flow-control-automation/build/controller-host-tests-msvc
"mqtt_service" start time: Aug 09 21:50 AUS Eastern Standard Time
Output:
----------------------------------------------------------
mqtt_service tests passed
<end of output>
Test time =   0.04 sec
----------------------------------------------------------
Test Passed.
"mqtt_service" end time: Aug 09 21:50 AUS Eastern Standard Time
"mqtt_service" time elapsed: 00:00:00
----------------------------------------------------------

14/17 Testing: mqtt_api
14/17 Test: mqtt_api
Command: "D:/repos/flow-control-automation/build/controller-host-tests-msvc/mqtt_api_tests.exe"
Directory: D:/repos/flow-control-automation/build/controller-host-tests-msvc
"mqtt_api" start time: Aug 09 21:50 AUS Eastern Standard Time
Output:
----------------------------------------------------------
MQTT API tests passed
<end of output>
Test time =   0.04 sec
----------------------------------------------------------
Test Passed.
"mqtt_api" end time: Aug 09 21:50 AUS Eastern Standard Time
"mqtt_api" time elapsed: 00:00:00
----------------------------------------------------------

15/17 Testing: rs485_service
15/17 Test: rs485_service
Command: "D:/repos/flow-control-automation/build/controller-host-tests-msvc/rs485_service_tests.exe"
Directory: D:/repos/flow-control-automation/build/controller-host-tests-msvc
"rs485_service" start time: Aug 09 21:50 AUS Eastern Standard Time
Output:
----------------------------------------------------------
RS485 service tests passed
<end of output>
Test time =   0.04 sec
----------------------------------------------------------
Test Passed.
"rs485_service" end time: Aug 09 21:50 AUS Eastern Standard Time
"rs485_service" time elapsed: 00:00:00
----------------------------------------------------------

16/17 Testing: settings_service
16/17 Test: settings_service
Command: "D:/repos/flow-control-automation/build/controller-host-tests-msvc/settings_service_tests.exe"
Directory: D:/repos/flow-control-automation/build/controller-host-tests-msvc
"settings_service" start time: Aug 09 21:50 AUS Eastern Standard Time
Output:
----------------------------------------------------------
settings service tests passed
<end of output>
Test time =   0.03 sec
----------------------------------------------------------
Test Passed.
"settings_service" end time: Aug 09 21:50 AUS Eastern Standard Time
"settings_service" time elapsed: 00:00:00
----------------------------------------------------------

17/17 Testing: terminal_service
17/17 Test: terminal_service
Command: "D:/repos/flow-control-automation/build/controller-host-tests-msvc/terminal_service_tests.exe"
Directory: D:/repos/flow-control-automation/build/controller-host-tests-msvc
"terminal_service" start time: Aug 09 21:50 AUS Eastern Standard Time
Output:
----------------------------------------------------------
Terminal service tests passed
<end of output>
Test time =   0.03 sec
----------------------------------------------------------
Test Passed.
"terminal_service" end time: Aug 09 21:50 AUS Eastern Standard Time
"terminal_service" time elapsed: 00:00:00
----------------------------------------------------------

End testing: Aug 09 21:50 AUS Eastern Standard Time
